[10:43:03] [main/INFO] (FabricLoader/GameProvider) Loading Minecraft 1.19.1 with Fabric Loader 0.14.8
[10:43:03] [main/INFO] (FabricLoader) Loading 38 mods:
	- csmp 0.0.1-1.19.1
	- fabric 0.58.4+1.19.1
	- fabric-api-base 0.4.9+e62f51a3ff
	- fabric-api-lookup-api-v1 1.6.7+9ff28f40ff
	- fabric-biome-api-v1 9.0.15+d5533c01ff
	- fabric-command-api-v2 2.1.5+0c17ea96ff
	- fabric-content-registries-v0 3.2.1+07df213eff
	- fabric-convention-tags-v1 1.0.8+37622d24ff
	- fabric-crash-report-info-v1 0.2.3+bd0a0d4aff
	- fabric-data-generation-api-v1 5.1.5+a680b9b4ff
	- fabric-dimensions-v1 2.1.28+a6d2f785ff
	- fabric-entity-events-v1 1.4.16+9ff28f40ff
	- fabric-events-interaction-v0 0.4.26+9ff28f40ff
	- fabric-game-rule-api-v1 1.0.19+18990361ff
	- fabric-gametest-api-v1 1.0.33+e62f51a3ff
	- fabric-item-api-v1 1.5.5+35a03c43ff
	- fabric-item-groups-v0 0.3.26+9ff28f40ff
	- fabric-lifecycle-events-v1 2.1.0+33fbc738ff
	- fabric-loot-api-v2 1.1.1+03a4e568ff
	- fabric-message-api-v1 5.0.0+8e190802ff
	- fabric-mining-level-api-v1 2.1.11+33fbc738ff
	- fabric-networking-api-v1 1.2.1+30823314ff
	- fabric-object-builder-api-v1 4.0.8+9ff28f40ff
	- fabric-particles-v1 1.0.8+dc39553aff
	- fabric-registry-sync-v0 0.9.21+23c4cfefff
	- fabric-rendering-data-attachment-v1 0.3.12+9ff28f40ff
	- fabric-rendering-fluids-v1 3.0.5+9ff28f40ff
	- fabric-resource-conditions-api-v1 2.0.9+e62f51a3ff
	- fabric-resource-loader-v0 0.5.6+5f1a85e0ff
	- fabric-screen-handler-api-v1 1.2.10+9ff28f40ff
	- fabric-transfer-api-v1 2.0.9+e62f51a3ff
	- fabric-transitive-access-wideners-v1 1.1.1+9e7660c6ff
	- fabricloader 0.14.8
	- java 17
	- minecraft 1.19.1
	- packet_tweaker 0.3.0+1.18.2
	- polymer 0.2.10+1.19.1
	- polymer-registry-sync-manipulator 0.0.1+1.19.1
[10:43:03] [main/INFO] (FabricLoader/Mixin) SpongePowered MIXIN Subsystem Version=0.8.5 Source=file:/C:/gradle/gradle-7.4.1/bin/caches/modules-2/files-2.1/net.fabricmc/sponge-mixin/0.11.4+mixin.0.8.5/c1dc27696aa4006e492c2485c9ccbcb26045a971/sponge-mixin-0.11.4+mixin.0.8.5.jar Service=Knot/Fabric Env=SERVER
[10:43:04] [main/INFO] (FabricLoader/Mixin) Loaded Fabric development mappings for mixin remapper!
[10:43:04] [main/INFO] (FabricLoader/Mixin) Compatibility level set to JAVA_16
[10:43:04] [main/INFO] (FabricLoader/Mixin) Compatibility level set to JAVA_17
[10:43:05] [main/WARN] (FileUtil) Configuration conflict: there is more than one oshi.properties file on the classpath
[10:43:06] [main/WARN] (FileUtil) Configuration conflict: there is more than one oshi.architecture.properties file on the classpath
[10:43:09] [main/INFO] (Minecraft) Building unoptimized datafixer
[10:43:11] [main/INFO] (StarCraftSMP) GLaDOS.jar loading [===========50%          ]
[10:43:12] [main/INFO] (StarCraftSMP) GLaDOS.jar loading [===========100%=========]
[10:43:12] [main/INFO] (Minecraft) Environment: authHost='https://authserver.mojang.com', accountsHost='https://api.mojang.com', sessionHost='https://sessionserver.mojang.com', servicesHost='https://api.minecraftservices.com', name='PROD'
[10:43:14] [main/INFO] (Minecraft) Loaded 7 recipes
[10:43:14] [main/INFO] (Minecraft) Loaded 1179 advancements
[10:43:15] [main/INFO] (BiomeModificationImpl) Applied 0 biome modifications to 0 of 63 new biomes in 3.021 ms
[10:43:15] [Server thread/INFO] (Minecraft) Starting minecraft server version 1.19.1
[10:43:15] [Server thread/INFO] (Minecraft) Loading properties
[10:43:15] [Server thread/INFO] (Minecraft) Default game type: SURVIVAL
[10:43:15] [Server thread/INFO] (Minecraft) Generating keypair
[10:43:15] [Server thread/INFO] (Minecraft) Starting Minecraft server on *:25565
[10:43:15] [Server thread/INFO] (Minecraft) Using default channel type
[10:43:15] [Server thread/INFO] (Minecraft) Preparing level "world"
[10:43:16] [Server thread/INFO] (Minecraft) Preparing start region for dimension minecraft:overworld
[10:43:18] [Server thread/ERROR] (Minecraft) Unknown structure start: csmp:json_only_house
[10:43:19] [Server thread/ERROR] (Minecraft) Unknown structure start: csmp:json_only_house
[10:43:19] [Server thread/ERROR] (Minecraft) Unknown structure start: csmp:json_only_house
[10:43:19] [Server thread/ERROR] (Minecraft) Unknown structure start: csmp:json_only_house
[10:43:19] [Server thread/ERROR] (Minecraft) Unknown structure start: csmp:json_only_house
[10:43:19] [Server thread/ERROR] (Minecraft) Unknown structure start: csmp:json_only_house
[10:43:20] [Worker-Main-6/INFO] (Minecraft) Preparing spawn area: 0%
[10:43:20] [Worker-Main-6/INFO] (Minecraft) Preparing spawn area: 0%
[10:43:20] [Worker-Main-7/INFO] (Minecraft) Preparing spawn area: 0%
[10:43:20] [Worker-Main-11/INFO] (Minecraft) Preparing spawn area: 0%
[10:43:20] [Worker-Main-4/INFO] (Minecraft) Preparing spawn area: 0%
[10:43:20] [Worker-Main-11/INFO] (Minecraft) Preparing spawn area: 0%
[10:43:20] [Worker-Main-10/INFO] (Minecraft) Preparing spawn area: 0%
[10:43:20] [Worker-Main-3/INFO] (Minecraft) Preparing spawn area: 0%
[10:43:20] [Worker-Main-5/INFO] (Minecraft) Preparing spawn area: 0%
[10:43:20] [Worker-Main-4/INFO] (Minecraft) Preparing spawn area: 32%
[10:43:21] [Server thread/INFO] (Minecraft) Time elapsed: 4973 ms
[10:43:21] [Server thread/INFO] (Minecraft) Done (5.301s)! For help, type "help"
[10:44:06] [User Authenticator #1/INFO] (Minecraft) UUID of player Cezij is 5d742d37-1ccb-47ad-bc78-48594388d217
[10:44:06] [Server thread/INFO] (Minecraft) Cezij[/127.0.0.1:61256] logged in with entity id 132 at (-3389.4147691032367, 47.200000047683716, 38597.65899221084)
[10:44:06] [Server thread/INFO] (Minecraft) Cezij joined the game
[10:44:15] [IO-Worker-14/INFO] (Minecraft) [Cezij: Starting resource pack generation...]
[10:44:15] [Server thread/INFO] (Minecraft) [Cezij: Resource pack created successfully! You can find it in game folder as polymer-resourcepack.zip]
[10:44:40] [Server thread/INFO] (Minecraft) Cezij lost connection: Disconnected
[10:44:40] [Server thread/INFO] (Minecraft) Cezij left the game
[10:45:09] [User Authenticator #2/INFO] (Minecraft) UUID of player Cezij is 5d742d37-1ccb-47ad-bc78-48594388d217
[10:45:09] [Server thread/INFO] (Minecraft) Cezij[/127.0.0.1:61318] logged in with entity id 226 at (-3389.4147691032367, 47.200000047683716, 38597.65899221084)
[10:45:09] [Server thread/INFO] (Minecraft) Cezij joined the game
[10:45:43] [Server thread/INFO] (Minecraft) Cezij lost connection: Disconnected
[10:45:43] [Server thread/INFO] (Minecraft) Cezij left the game
[10:46:11] [User Authenticator #3/INFO] (Minecraft) UUID of player Cezij is 5d742d37-1ccb-47ad-bc78-48594388d217
[10:46:11] [Server thread/INFO] (Minecraft) Cezij[/127.0.0.1:61376] logged in with entity id 320 at (-3389.4147691032367, 47.200000047683716, 38597.65899221084)
[10:46:11] [Server thread/INFO] (Minecraft) Cezij joined the game
[10:46:29] [Server thread/INFO] (Minecraft) Cezij lost connection: Disconnected
[10:46:29] [Server thread/INFO] (Minecraft) Cezij left the game
[10:46:35] [Server thread/INFO] (Minecraft) Stopping the server
[10:46:35] [Server thread/INFO] (Minecraft) Stopping server
[10:46:35] [Server thread/INFO] (Minecraft) Saving players
[10:46:35] [Server thread/INFO] (Minecraft) Saving worlds
[10:46:35] [Server thread/INFO] (Minecraft) Saving chunks for level 'ServerLevel[world]'/minecraft:overworld
[10:46:35] [Server thread/INFO] (Minecraft) Saving chunks for level 'ServerLevel[world]'/minecraft:the_end
[10:46:35] [Server thread/INFO] (Minecraft) Saving chunks for level 'ServerLevel[world]'/minecraft:the_nether
[10:46:35] [Server thread/INFO] (Minecraft) ThreadedAnvilChunkStorage (world): All chunks are saved
[10:46:35] [Server thread/INFO] (Minecraft) ThreadedAnvilChunkStorage (DIM1): All chunks are saved
[10:46:35] [Server thread/INFO] (Minecraft) ThreadedAnvilChunkStorage (DIM-1): All chunks are saved
[10:46:35] [Server thread/INFO] (Minecraft) ThreadedAnvilChunkStorage: All dimensions are saved
